D:\Desktop\LanceAngeloSantiagoLab3\CRUDAngular2Test\CRUDAngular2Test\public\app\authentication\authentication.service.js
D:\Desktop\LanceAngeloSantiagoLab3\CRUDAngular2Test\CRUDAngular2Test\public\app\authentication\authentication.service.js.map
D:\Desktop\LanceAngeloSantiagoLab3\CRUDAngular2Test\CRUDAngular2Test\public\app\app.component.js
D:\Desktop\LanceAngeloSantiagoLab3\CRUDAngular2Test\CRUDAngular2Test\public\app\app.component.js.map
D:\Desktop\LanceAngeloSantiagoLab3\CRUDAngular2Test\CRUDAngular2Test\public\app\app.routes.js
D:\Desktop\LanceAngeloSantiagoLab3\CRUDAngular2Test\CRUDAngular2Test\public\app\app.routes.js.map
D:\Desktop\LanceAngeloSantiagoLab3\CRUDAngular2Test\CRUDAngular2Test\public\app\home\home.component.js
D:\Desktop\LanceAngeloSantiagoLab3\CRUDAngular2Test\CRUDAngular2Test\public\app\home\home.component.js.map
D:\Desktop\LanceAngeloSantiagoLab3\CRUDAngular2Test\CRUDAngular2Test\public\app\home\home.routes.js
D:\Desktop\LanceAngeloSantiagoLab3\CRUDAngular2Test\CRUDAngular2Test\public\app\home\home.routes.js.map
D:\Desktop\LanceAngeloSantiagoLab3\CRUDAngular2Test\CRUDAngular2Test\public\app\home\home.module.js
D:\Desktop\LanceAngeloSantiagoLab3\CRUDAngular2Test\CRUDAngular2Test\public\app\home\home.module.js.map
D:\Desktop\LanceAngeloSantiagoLab3\CRUDAngular2Test\CRUDAngular2Test\public\app\authentication\signin\signin.component.js
D:\Desktop\LanceAngeloSantiagoLab3\CRUDAngular2Test\CRUDAngular2Test\public\app\authentication\signin\signin.component.js.map
D:\Desktop\LanceAngeloSantiagoLab3\CRUDAngular2Test\CRUDAngular2Test\public\app\authentication\signup\signup.component.js
D:\Desktop\LanceAngeloSantiagoLab3\CRUDAngular2Test\CRUDAngular2Test\public\app\authentication\signup\signup.component.js.map
D:\Desktop\LanceAngeloSantiagoLab3\CRUDAngular2Test\CRUDAngular2Test\public\app\authentication\authentication.component.js
D:\Desktop\LanceAngeloSantiagoLab3\CRUDAngular2Test\CRUDAngular2Test\public\app\authentication\authentication.component.js.map
D:\Desktop\LanceAngeloSantiagoLab3\CRUDAngular2Test\CRUDAngular2Test\public\app\authentication\authentication.routes.js
D:\Desktop\LanceAngeloSantiagoLab3\CRUDAngular2Test\CRUDAngular2Test\public\app\authentication\authentication.routes.js.map
D:\Desktop\LanceAngeloSantiagoLab3\CRUDAngular2Test\CRUDAngular2Test\public\app\authentication\authentication.module.js
D:\Desktop\LanceAngeloSantiagoLab3\CRUDAngular2Test\CRUDAngular2Test\public\app\authentication\authentication.module.js.map
D:\Desktop\LanceAngeloSantiagoLab3\CRUDAngular2Test\CRUDAngular2Test\public\app\articles\articles.service.js
D:\Desktop\LanceAngeloSantiagoLab3\CRUDAngular2Test\CRUDAngular2Test\public\app\articles\articles.service.js.map
D:\Desktop\LanceAngeloSantiagoLab3\CRUDAngular2Test\CRUDAngular2Test\public\app\articles\articles.component.js
D:\Desktop\LanceAngeloSantiagoLab3\CRUDAngular2Test\CRUDAngular2Test\public\app\articles\articles.component.js.map
D:\Desktop\LanceAngeloSantiagoLab3\CRUDAngular2Test\CRUDAngular2Test\public\app\articles\create\create.component.js
D:\Desktop\LanceAngeloSantiagoLab3\CRUDAngular2Test\CRUDAngular2Test\public\app\articles\create\create.component.js.map
D:\Desktop\LanceAngeloSantiagoLab3\CRUDAngular2Test\CRUDAngular2Test\public\app\articles\list\list.component.js
D:\Desktop\LanceAngeloSantiagoLab3\CRUDAngular2Test\CRUDAngular2Test\public\app\articles\list\list.component.js.map
D:\Desktop\LanceAngeloSantiagoLab3\CRUDAngular2Test\CRUDAngular2Test\public\app\articles\view\view.component.js
D:\Desktop\LanceAngeloSantiagoLab3\CRUDAngular2Test\CRUDAngular2Test\public\app\articles\view\view.component.js.map
D:\Desktop\LanceAngeloSantiagoLab3\CRUDAngular2Test\CRUDAngular2Test\public\app\articles\edit\edit.component.js
D:\Desktop\LanceAngeloSantiagoLab3\CRUDAngular2Test\CRUDAngular2Test\public\app\articles\edit\edit.component.js.map
D:\Desktop\LanceAngeloSantiagoLab3\CRUDAngular2Test\CRUDAngular2Test\public\app\articles\articles.routes.js
D:\Desktop\LanceAngeloSantiagoLab3\CRUDAngular2Test\CRUDAngular2Test\public\app\articles\articles.routes.js.map
D:\Desktop\LanceAngeloSantiagoLab3\CRUDAngular2Test\CRUDAngular2Test\public\app\articles\articles.module.js
D:\Desktop\LanceAngeloSantiagoLab3\CRUDAngular2Test\CRUDAngular2Test\public\app\articles\articles.module.js.map
D:\Desktop\LanceAngeloSantiagoLab3\CRUDAngular2Test\CRUDAngular2Test\public\app\app.module.js
D:\Desktop\LanceAngeloSantiagoLab3\CRUDAngular2Test\CRUDAngular2Test\public\app\app.module.js.map
D:\Desktop\LanceAngeloSantiagoLab3\CRUDAngular2Test\CRUDAngular2Test\public\app\bootstrap.js
D:\Desktop\LanceAngeloSantiagoLab3\CRUDAngular2Test\CRUDAngular2Test\public\app\bootstrap.js.map
